INFO:root:Started
INFO:root:Searching episodes from Astronomia em Meia Hora
INFO:root:Chrome access ==> https://open.spotify.com/show/5y3Kbmssf6S7WNp3eR6iQC
INFO:root: ==> Episode Dúvidas Cósmicas - Telescópio espacial James Webb found
INFO:root: ==> Episode Telescópio espacial James Webb found
INFO:root: ==> Episode Não olhe para cima! Baseado em fatos possivelmente reais? found
INFO:root: ==> Episode Dúvidas Cósmicas - Origem dos Elementos Químicos no Universo found
INFO:root: ==> Episode Origem dos Elementos Químicos no Universo found
INFO:root: ==> Episode Dúvidas Cósmicas - Caçadores de Planetas found
INFO:root: ==> Episode Caçadores de Planetas found
INFO:root: ==> Episode Dúvidas Cósmicas - Como nascem os buracos negros? found
INFO:root: ==> Episode Duvidas Cósmicas - Como a astronomia busca vida fora da Terra? found
INFO:root: ==> Episode Como a astronomia busca vida fora da Terra? found
INFO:root: ==> Episode Como a astronomia sabe o que sabe? found
INFO:root:Searching episodes from NerdCast
INFO:root:Chrome access ==> https://open.spotify.com/show/22Wgt4ASeaw8mmoqAWNUn1
INFO:root: ==> Episode Extra Oferecido por Empréstimo SIM - Reforma, fio terra e a maldita goteira found
INFO:root: ==> Episode Lá do Bunker 27 - Com carinho ou com dinheiro found
INFO:root: ==> Episode Caneca de Mamicas 38 - Lua de mel ou divórcio? found
INFO:root: ==> Episode NerdCast 813 - Trilhas sonoras de uma orquestra de um homem só found
INFO:root: ==> Episode Speak English 47 - Pronuncia que eu te escuto 2 found
INFO:root: ==> Episode Papo de Parceiro 06 - Expondo o seu produto digitalmente found
INFO:root: ==> Episode Lá do Bunker 26 - Sem tempo pra sutileza found
INFO:root: ==> Episode NerdCast 812 - Política Internacional 2021 found
INFO:root: ==> Episode NerdCash 43 - Economia em ano de eleição found
INFO:root: ==> Episode Lá do Bunker 25 - Vem aí o metaverso found
INFO:root: ==> Episode Caneca de Mamicas 36 - A mente consumista é oficina do entulho found
INFO:root: ==> Episode NerdTech 71 - Tendências Tecnológicas em 2022 found
INFO:root: ==> Episode Lá do Bunker 24 - O início de um sonho found
INFO:root: ==> Episode Caneca de Mamicas 35 - Oh Meu Deux, que delícia de Jefferson Schroeder found
INFO:root: ==> Episode Empreendedor 83 - Por que empresas compram outras? found
INFO:root: ==> Episode Caneca de Mamicas 34 - Então é Nataaal… found
INFO:root: ==> Episode Papo de Parceiro 05 - Liquidação Fantástica: A tradição que vende muito found
INFO:root: ==> Episode Lá do Bunker 22 - Esse aqui é sem spoiler found
INFO:root: ==> Episode Caneca de Mamicas 33 - Meu trabalho, minha vida found
INFO:root: ==> Episode Speak English 46 - Inglês traduzido ao pé da letra found
INFO:root: ==> Episode Caneca de Mamicas 32 - O melhor padrão é ser feliz found
INFO:root: ==> Episode NerdCast 807 - David Bowie: As múltiplas faces de um artista único found
INFO:root: ==> Episode NerdCash 42 - A economia em 2021 found
INFO:root: ==> Episode Lá do Bunker Oferecido por Fanta - Extra: CCXP Worlds 2021 found
INFO:root: ==> Episode Extra Oferecido por Fanta - CCXP: Bastidores, Perrengues e o Penetra found
INFO:root: ==> Episode Lá do Bunker 20 - Câmera lenta é amor found
INFO:root: ==> Episode Caneca de Mamicas 31 - Botox Party found
INFO:root: ==> Episode Papo de Parceiro 04 - A logística e a correria da Black Friday found
INFO:root: ==> Episode Lá do Bunker 19 - Necessário, cirúrgico, preciso found
INFO:root: ==> Episode Caneca de Mamicas 30 - Credo de novela que limite delícia found
INFO:root: ==> Episode NerdCast 805 - Magias do RPG: Da bola de fogo à aposentadoria found
INFO:root: ==> Episode Empreendedor 82 - A história da Alura found
INFO:root: ==> Episode Lá do Bunker 18 - Discorde aí de longe found
INFO:root: ==> Episode Extra Oferecido por Arcane: League of Legends - Arcane – Ato III: Por que lutamos found
INFO:root: ==> Episode Lá do Bunker 17 - Não é defeito, é efeito found
INFO:root: ==> Episode Caneca de Mamicas 29 - Vale a pena cantar de novo found
INFO:root: ==> Episode NerdCast 804 - Eternos e Shang-Chi: Imortais são babacas! found
INFO:root: ==> Episode Speak English 45 - Frases Marcantes de Filmes e Séries em 2021 found
INFO:root: ==> Episode Extra Oferecido por Arcane: League of Legends - Arcane – Ato II: Largados e Shippados found
INFO:root: ==> Episode Lá do Bunker 16 - Homem-Aranha: emo ou gótico suave? found
INFO:root: ==> Episode Caneca de Mamicas 28 - Use a lupa e encontre o limite found
INFO:root:Searching episodes from Stuff To Blow Your Mind
INFO:root:Chrome access ==> https://open.spotify.com/show/00VIrB4E80ThIbMnsgAoTA
INFO:root: ==> Episode The Kuleshov Effect, Part 2 found
INFO:root: ==> Episode The Artifact: Rotten Brooms Bleeding Black Blood found
INFO:root: ==> Episode The Kuleshov Effect, Part 1 found
INFO:root: ==> Episode Listener Mail: The Braid of Nastenka found
INFO:root: ==> Episode From the Vault: The Bonsai Tree found
INFO:root: ==> Episode Weirdhouse Cinema: Hercules (1983) found
INFO:root: ==> Episode Do ants make traps? found
INFO:root: ==> Episode The Monstrefact: Donkeys of Dune found
INFO:root: ==> Episode The Silurian Hypothesis found
INFO:root: ==> Episode Listener Mail: Goat of a Tumbleweed found
INFO:root: ==> Episode From the Vault: Funeral for a Bug found
INFO:root: ==> Episode Weirdhouse Cinema: The Lift found
INFO:root: ==> Episode Tumbleweeds, Part 2: Riddles and Radiation found
INFO:root: ==> Episode The Monstrefact: The Manticore found
INFO:root: ==> Episode Tumbleweeds, Part 1: The Wind Witch found
INFO:root: ==> Episode Listener Mail: Time Crabs found
INFO:root: ==> Episode From the Vault: The Invention of the Lock & Key found
INFO:root: ==> Episode Weirdhouse Cinema: Son of the White Mare found
INFO:root: ==> Episode From the Vault: Sinkholes, Part 2 found
INFO:root: ==> Episode The Artifact Redux: Edible Currencies found
INFO:root: ==> Episode From the Vault: Sinkholes, Part 1 found
INFO:root: ==> Episode Happy New Year found
INFO:root: ==> Episode From the Vault: Heavy Water found
INFO:root: ==> Episode Weirdhouse Cinema Rewind: Robot Jox found
INFO:root: ==> Episode From the Vault: The Toaster Not Taken found
INFO:root: ==> Episode The Artifact Redux: Stone Mushroom Clouds found
INFO:root: ==> Episode From the Vault: Toy Guns found
INFO:root: ==> Episode Holiday Break found
INFO:root: ==> Episode From the Vault: Holiday Inventions found
INFO:root: ==> Episode Weirdhouse Cinema Rewind: Battle for Endor found
INFO:root: ==> Episode A Major Award: The Ancient and Occult History of the “A Christmas Story” Leg Lamp found
INFO:root: ==> Episode The Monstrefact: Holiday edition found
INFO:root: ==> Episode Time Traveler Zero, Part 2 found
INFO:root: ==> Episode Listener Mail: Holidays on Ice-Nine found
INFO:root: ==> Episode From the Vault: Like a Circle in a Spiral, Part 2 found
INFO:root: ==> Episode Weirdhouse Cinema: Morozko (aka Jack Frost) found
INFO:root: ==> Episode Music and Memory found
INFO:root: ==> Episode Smart Talks with IBM and Malcolm Gladwell: Managing supply chain volatility in the height of the shopping season found
INFO:root: ==> Episode Time Traveler Zero, Part 1 found
INFO:root: ==> Episode Listener Mail: Crab Walking Down Human Street found
INFO:root: ==> Episode From the Vault: Like a Circle in a Spiral, Part 1 found
INFO:root: ==> Episode Weirdhouse Cinema: Bloodbeat found
INFO:root: ==> Episode Daniel Whiteson, Time Traveler found
INFO:root: ==> Episode Smart Talks with IBM and Malcolm Gladwell: What does the future of sustainability look like for your company and your customers? found
INFO:root: ==> Episode 2021 Ig Nobel Prize Grab Bag, Part 2 found
INFO:root: ==> Episode Listener Mail: The Funk of 40,000 Years found
INFO:root: ==> Episode From the Vault: Airships Over Venus found
INFO:root: ==> Episode Weirdhouse Cinema: The Super Infra-Man found
INFO:root: ==> Episode 2021 Ig Nobel Prize Grab Bag, Part 1 found
INFO:root: ==> Episode The Artifact: Malaysian Spirit Boats found
INFO:root:Searching episodes from Histórias Da Terra Média 
INFO:root:Chrome access ==> https://open.spotify.com/show/1DNROOFcyFe1GDdfkXSh6t
INFO:root: ==> Episode XXXIII A QUARTA ERA found
INFO:root: ==> Episode XXXII O RETORNO DO REI found
INFO:root: ==> Episode XXXI A BATALHA DOS CAMPOS DE PELENNOR! found
INFO:root: ==> Episode XXX AS DUAS TORRES found
INFO:root: ==> Episode XXIX GOLLUM found
INFO:root: ==> Episode XXVIII A ÚLTIMA MARCHA DOS ENTS found
INFO:root: ==> Episode XXVII A BATALHA DO ABISMO DE HELM found
INFO:root: ==> Episode XXVI LÓRIEN found
INFO:root: ==> Episode XXV A SOCIEDADE DO ANEL found
INFO:root: ==> Episode XXIV O CONSELHO DE ELROND found
INFO:root: ==> Episode XXIII TOM BOMBADIL found
INFO:root: ==> Episode O SENHOR DOS ANÉIS found
INFO:root: ==> Episode A EXPEDIÇÃO DE BALIN found
INFO:root: ==> Episode XX ARAGORN found
INFO:root: ==> Episode XIX A BATALHA DOS CINCO EXÉRCITOS found
INFO:root: ==> Episode XVIII A MONTANHA SOLITÁRIA found
INFO:root: ==> Episode XVII CHARADAS NO ESCURO found
INFO:root: ==> Episode XVI A BATALHA DE DOL GULDUR found
INFO:root: ==> Episode XV A BATALHA DE AZANULBIZAR found
INFO:root: ==> Episode XIV SMAUG found
INFO:root: ==> Episode XIII O LONGO INVERNO found
INFO:root: ==> Episode XII A BATALHA DOS CAMPOS VERDEJANTES found
INFO:root: ==> Episode XI ROHAN found
INFO:root: ==> Episode X O NECROMANTE found
INFO:root: ==> Episode IX A QUEDA DOS REIS found
INFO:root: ==> Episode VIII O DESASTRE DE ITHILIEN found
INFO:root: ==> Episode VII A BATALHA DAS PLANÍCIES found
INFO:root: ==> Episode VI A GRANDE PRAGA found
INFO:root: ==> Episode V A BATALHA DA ENCRUZILHADA DE ERUI found
INFO:root: ==> Episode IV WITCH KING DE ANGMAR found
INFO:root: ==> Episode III ROHIRRIM found
INFO:root: ==> Episode II OS ISTARI found
INFO:root: ==> Episode I ARTHEDAIN, RHUDAUR E CARDOLAN found
INFO:root: ==> Episode Segunda Era Resumo do Resumo found
INFO:root: ==> Episode XII A ÚLTIMA ALIANÇA (Final da segunda era) found
INFO:root: ==> Episode XI GONDOR E ARNOR found
INFO:root: ==> Episode X AKALLABÊTH found
INFO:root: ==> Episode IX OS FIÉIS found
INFO:root: ==> Episode VIII OS HOMENS DO REI found
INFO:root: ==> Episode VII RIVENDELL found
INFO:root: ==> Episode VI SAURON found
INFO:root: ==> Episode V OS ANÉIS DO PODER found
INFO:root: ==> Episode IV ANNATAR found
INFO:root: ==> Episode III O MARINHEIRO found
INFO:root: ==> Episode II NÚMENOR found
INFO:root: ==> Episode I UM NOVO AMANHECER found
INFO:root: ==> Episode RESUMO DO RESUMO (EPISÓDIO EXTRA) found
INFO:root: ==> Episode XXXVIII A GUERRA DA IRA (Final da Primeira Era) found
INFO:root: ==> Episode XXXVII EÄRENDIL found
INFO:root: ==> Episode XXXVI GONDOLIM found
INFO:root:Searching episodes from História pros brother
INFO:root:Chrome access ==> https://open.spotify.com/show/04a8C8gXTLj68lmZiQD8vm
INFO:root: ==> Episode 6 formas da humanidade acabar found
INFO:root: ==> Episode A história do Skate e do Tony Hawk Pro Skater found
INFO:root: ==> Episode Aaron Henandes: O jogador de futebol americano e uma história com 4739 plot twist found
INFO:root: ==> Episode A misteriosa história do Bitcoin (Ft. Thales Monteiro) found
INFO:root: ==> Episode A saúde mental no Brasil com Amanda Ramalho found
INFO:root: ==> Episode Os 10 maiores traidores da História found
INFO:root: ==> Episode A Primeira Maratonista Mulher found
INFO:root:Searching episodes from História em Meia Hora
INFO:root:Chrome access ==> https://open.spotify.com/show/6uscSyqp0q7Cb0uoEujgL8
INFO:root: ==> Episode Rússia e Ucrânia found
INFO:root: ==> Episode Guerra do Golfo found
INFO:root: ==> Episode Martin Luther King found
INFO:root: ==> Episode Revolta da Vacina found
INFO:root: ==> Episode Karl Marx found
INFO:root: ==> Episode Lulu Santos found
INFO:root: ==> Episode Indígenas Brasileiros found
INFO:root: ==> Episode Comuna de Paris found
INFO:root: ==> Episode Alceu Valença found
INFO:root: ==> Episode Redemocratização found
INFO:root: ==> Episode Ku Klux Klan found
INFO:root: ==> Episode Nirvana found
INFO:root: ==> Episode Corrida Espacial found
INFO:root: ==> Episode Holocausto Brasileiro found
INFO:root:Searching episodes from Mundo Freak Confidencial
INFO:root:Chrome access ==> https://open.spotify.com/show/7nysE4xNmZZ36ru0FrNGLg
INFO:root: ==> Episode ACONTECEU COMIGO #45 | Cadeiras de balanço, motos e encostos de estimação found
INFO:root: ==> Episode Desaparecimentos em massa | MFC 386 found
INFO:root: ==> Episode Gloria Ramirez, a Mulher Tóxica | MFC 385 found
INFO:root: ==> Episode ACONTECEU COMIGO #44 | Mãos, amigos e… cachorros found
INFO:root: ==> Episode O lado sombrio de Pokémon | MFC 380 found
INFO:root: ==> Episode ACONTECEU COMIGO #43 | Os espíritos de Natália, o adeus e a Costa Verde found
INFO:root: ==> Episode O Livro do novo Aeon | UCOP 25 found
INFO:root: ==> Episode Os reptilianos satanistas globalistas safados de Sherry Shriner | MFC 379 found
INFO:root: ==> Episode Os traumatizantes contos de fadas originarios | MFC 378 found
INFO:root: ==> Episode ACONTECEU COMIGO #42 | Erê, espelhos negros e velhinhas found
INFO:root: ==> Episode Reencarnação comprovada? As duas vidas Shanti Devi | MFC 377 found
INFO:root: ==> Episode A sombra de Drácula | UCOP 24 found
INFO:root: ==> Episode A lendária ilha HY Brasil | MFC 376 found
INFO:root: ==> Episode ACONTECEU COMIGO #41 | Criaturas aladas, finados e ancestrais found
INFO:root: ==> Episode Diário de Produção Último Contato e Aconteceu Comigo Especial | MFC 375 found
INFO:root: ==> Episode Aconteceu Comigo Especial | Episódio 04 found
INFO:root: ==> Episode Último Contato | Episódio 05 (FINAL) found
INFO:root: ==> Episode Altas confusões com o Ovni de Kera | MFC 374 found
INFO:root: ==> Episode Último Contato | Episódio 04 found
INFO:root: ==> Episode Último Contato | Episódio 03 found
INFO:root: ==> Episode Qual é a desses contatos imediatos? | UCOP 23 found
INFO:root: ==> Episode Último Contato | Episódio 02 found
INFO:root: ==> Episode Último Contato | Episódio 01 found
INFO:root: ==> Episode Aconteceu Comigo Especial | Episódio 03 found
INFO:root: ==> Episode As terríveis Creepypastas dos games | MFC 373 found
INFO:root: ==> Episode A Tituba de Salém | UCOP 22 found
INFO:root: ==> Episode Aconteceu Comigo Especial | Episódio 02 found
INFO:root: ==> Episode Feitiçaria à Brasileira | MFC 372 found
INFO:root: ==> Episode O horror cósmico | UCOP 21 found
INFO:root: ==> Episode Aconteceu Comigo Especial | Episódio 01 found
INFO:root: ==> Episode O demônio de Dover | MFC 371 found
INFO:root: ==> Episode Halloween ou dia do saci? | UCOP 20 found
INFO:root: ==> Episode HELLRAISER | MFC 369 found
INFO:root: ==> Episode ACONTECEU COMIGO #40 | Casas sombrias e duplos found
INFO:root: ==> Episode O voo que nunca aterrissou - Malasya 370 | MFC 368 found
INFO:root: ==> Episode ACONTECEU COMIGO #39 | Uivos, Livrarias e lendas found
INFO:root: ==> Episode E esse tal Cavaleiro Verde? | Um cadáver Ouve Podcast found
INFO:root: ==> Episode Os bizarros experimentos soviéticos | MFC 366 found
INFO:root: ==> Episode Os enigmáticos mistérios da mente humana | MFC 365 found
INFO:root: ==> Episode Os terríveis monstros marinhos | UCOP 18 found
INFO:root:Searching episodes from 2Devs - Desmistificando o mundo da programação
INFO:root:Chrome access ==> https://open.spotify.com/show/5PhTDolt2xc9gne9AAUaPL
INFO:root: ==> Episode Entrevista com Pedro Henrique. O caminho para ser um líder, como ser um dev melhor e elixir found
INFO:root: ==> Episode O que o dev quer? E por que as empresas ainda insistem só em devs senior? found
INFO:root: ==> Episode Mudando de emprego - empresa de produto vs consultoria found
INFO:root: ==> Episode MVC found
INFO:root: ==> Episode TRABALHAR PARA FORA found
INFO:root: ==> Episode Conversa com o Back-end Rafael Rotiroti found
INFO:root: ==> Episode DevBookClub 1 - Testes de software melhoram a qualidade do produto? found
INFO:root: ==> Episode Pull Requests / Qualidade e teste de software. Uma conversa entre cinco devs found
INFO:root: ==> Episode O quão produtivo você acha que é? found
INFO:root: ==> Episode PHP #2 found
INFO:root: ==> Episode PHP #1 found
INFO:root: ==> Episode COMO VOLTAR PARA PROGRAMAÇÃO DEPOIS DE UM TEMPO AFASTADO found
INFO:root: ==> Episode Elixir - (Com Gustavo Oliveira) found
INFO:root: ==> Episode Java #2 - (Com Ivan Marrêta) found
INFO:root: ==> Episode Java - (Com Ivan Marrêta) found
INFO:root: ==> Episode Go Language found
INFO:root: ==> Episode Especial de 2 anos! found
INFO:root: ==> Episode Erros de Iniciante #2 found
INFO:root: ==> Episode Erros de Iniciante found
INFO:root: ==> Episode Conversando com o CTO - #01 (PRAVALER - Daniel Cukier) found
INFO:root: ==> Episode Devs na Gringa - #05 (Com Juliana Juliano da Academia Hopper) found
INFO:root: ==> Episode Desacelere sua vida found
INFO:root: ==> Episode Transição de Carreira found
INFO:root: ==> Episode Conversando com o Dono #2 - Clip found
INFO:root: ==> Episode Chegou a hora do Trabalho Remoto? found
INFO:root: ==> Episode Dev de Palco found
INFO:root: ==> Episode Impacto no Mercado de TI found
INFO:root: ==> Episode Coronavirus e dicas de Trabalho Remoto found
INFO:root: ==> Episode Vale a pena expor quanto você ganha? found
INFO:root: ==> Episode Devs na Gringa - #04 (Com Arthur Denner) found
INFO:root: ==> Episode Qual a sua visão de Mundo? found
INFO:root: ==> Episode Migrar found
INFO:root: ==> Episode Startup Weekend found
INFO:root: ==> Episode Editores de Texto found
INFO:root: ==> Episode Orientação a objetos found
INFO:root: ==> Episode Mercado de TI found
INFO:root: ==> Episode Trabalho Remoto found
INFO:root: ==> Episode Dicas de como melhorar o foco found
INFO:root:Searching episodes from The Python Podcast.__init__
INFO:root:Chrome access ==> https://open.spotify.com/show/5LblXHyyIfoGOL8s3ZcCxe
INFO:root: ==> Episode Improve Your Productivity By Investing In Developer Experience Design For Your Projects found
INFO:root: ==> Episode An Exploration Of Effective Pandas Practices With Matt Harrison found
INFO:root: ==> Episode Generate Your Text Files With Python Using Cog found
INFO:root: ==> Episode A Friendly Approach To Regression Models For Programmers found
INFO:root: ==> Episode Fast, Flexible, and Incremental Task Automation With doit found
INFO:root: ==> Episode The Technological, Business, and Sales Challenges Of Building The Ethical Ads Network found
INFO:root: ==> Episode Accidentally Building A Business With Python At Listen Notes found
INFO:root: ==> Episode Making Orbital Mechanics More Accessible With Poliastro found
INFO:root: ==> Episode Declarative Deep Learning From Your Laptop To Production With Ludwig and Horovod found
INFO:root: ==> Episode Build Better Analytics And Models With A Focus On The Data Experience found
INFO:root: ==> Episode Building Conversational AI to Augment Sales Teams at Structurely found
INFO:root: ==> Episode Build Composable And Reusable Feature Engineering Pipelines with Feature-Engine found
INFO:root: ==> Episode Speed Up Your Python Data Applications By Parallelizing Them With Bodo found
INFO:root: ==> Episode An Exploration Of Financial Exchange Risk Management Strategies found
INFO:root: ==> Episode Build Better Machine Learning Models By Understanding Their Decisions With SHAP found
INFO:root: ==> Episode Accelerating Drug Discovery Using Machine Learning With TorchDrug found
INFO:root: ==> Episode An Exploration Of Automated Speech Recognition found
INFO:root: ==> Episode Experimenting With Reinforcement Learning Using MushroomRL found
INFO:root: ==> Episode Doing Dask Powered Data Science In The Saturn Cloud found
INFO:root: ==> Episode Monitor The Health Of Your Machine Learning Products In Production With Evidently found
INFO:root: ==> Episode Making Automated Machine Learning More Accessible With EvalML found
INFO:root: ==> Episode Growing And Supporting The Data Science Community At Anaconda found
INFO:root: ==> Episode Network Analysis At The Speed Of C With The Power Of Python Using NetworKit found
INFO:root: ==> Episode Delivering Deep Learning Powered Speech Recognition As A Service For Developers At AssemblyAI found
INFO:root: ==> Episode Taking Aim At The Legacy Of SQL With The Preql Relational Language found
INFO:root: ==> Episode Unleash The Power Of Dataframes At Any Scale With Modin found
INFO:root: ==> Episode Exploring The SpeechBrain Toolkit For Speech Processing found
INFO:root: ==> Episode Fast And Educational Exploration And Analysis Of Graph Data Structures With graph-tool found
INFO:root: ==> Episode Lightening The Load For Deep Learning With Sparse Networks Using Neural Magic found
INFO:root: ==> Episode Finding The Core Of Python For A Bright Future With Brett Cannon found
INFO:root: ==> Episode Traversing The Challenges And Promise Of Graph Machine Learning found
INFO:root: ==> Episode Keep Your Analytics Lint Free With SQLFluff found
INFO:root: ==> Episode Exploring The Patterns And Practices For Deep Learning With Andrew Ferlitsch found
INFO:root: ==> Episode Automatically Generate Your Unit Tests From Scratch With Pynguin found
INFO:root: ==> Episode Leveling Up Natural Language Processing with Transfer Learning found
INFO:root: ==> Episode Federated Learning For All With Flower found
INFO:root: ==> Episode Data Exploration and Visualization Made Effortless with Lux found
INFO:root: ==> Episode Extensible Open Source Authorization For Your Applications With Oso found
INFO:root: ==> Episode Teaching Geeks The Value And Skills Of Public Speaking found
INFO:root: ==> Episode Let The Robots Do The Work Using Robotic Process Automation with Robocorp found
INFO:root: ==> Episode Keep Your Code Clean And Maintainable Using Static Analysis With Flake8 found
INFO:root: ==> Episode Make Your Code More Readable With The Magic Of Refactoring Using Sourcery found
INFO:root: ==> Episode Be Data Driven At Any Scale With Superset found
INFO:root: ==> Episode Practical Advice On Using Python To Power A Business found
INFO:root: ==> Episode Analyzing The Ecosystem of Python Data Companies With Tony Liu found
INFO:root: ==> Episode Go From Notebook To Pipeline For Your Data Science Projects With Orchest found
INFO:root: ==> Episode Write Your Python Scripts In A Flow Based Visual Editor With Ryven found
INFO:root: ==> Episode CrossHair: Your Automatic Pair Programmer found
INFO:root: ==> Episode Giving Your Data Science Projects And Teams A Home At DagsHub found
INFO:root: ==> Episode Exploring Literate Programming For Python Projects With nbdev found
INFO:root:Chrome quit
INFO:root:Finished
INFO:root:==> Runtime = 178.90 secs
